<?xml version="1.0" encoding="UTF-8"?>
<testng-results ignored="0" total="1" passed="1" failed="0" skipped="0">
  <reporter-output>
  </reporter-output>
  <suite started-at="2024-01-24T13:52:41 IST" name="Default suite" finished-at="2024-01-24T13:53:08 IST" duration-ms="26750">
    <groups>
    </groups>
    <test started-at="2024-01-24T13:52:41 IST" name="Default test" finished-at="2024-01-24T13:53:08 IST" duration-ms="26750">
      <class name="Module.LeadModule">
        <test-method is-config="true" signature="BS()[pri:0, instance:Module.LeadModule@57a3af25]" started-at="2024-01-24T13:52:41 IST" name="BS" finished-at="2024-01-24T13:52:41 IST" duration-ms="11" status="PASS">
          <reporter-output>
          </reporter-output>
        </test-method> <!-- BS -->
        <test-method is-config="true" signature="BC()[pri:0, instance:Module.LeadModule@57a3af25]" started-at="2024-01-24T13:52:41 IST" name="BC" finished-at="2024-01-24T13:52:47 IST" duration-ms="6370" status="PASS">
          <reporter-output>
          </reporter-output>
        </test-method> <!-- BC -->
        <test-method is-config="true" signature="BM()[pri:0, instance:Module.LeadModule@57a3af25]" started-at="2024-01-24T13:52:47 IST" name="BM" finished-at="2024-01-24T13:52:51 IST" duration-ms="3927" status="PASS">
          <reporter-output>
          </reporter-output>
        </test-method> <!-- BM -->
        <test-method signature="CreateContact()[pri:0, instance:Module.LeadModule@57a3af25]" started-at="2024-01-24T13:52:51 IST" name="CreateContact" finished-at="2024-01-24T13:53:04 IST" duration-ms="12342" status="PASS">
          <reporter-output>
          </reporter-output>
        </test-method> <!-- CreateContact -->
        <test-method is-config="true" signature="AM()[pri:0, instance:Module.LeadModule@57a3af25]" started-at="2024-01-24T13:53:04 IST" name="AM" finished-at="2024-01-24T13:53:08 IST" duration-ms="4063" status="PASS">
          <reporter-output>
          </reporter-output>
        </test-method> <!-- AM -->
        <test-method is-config="true" signature="AS()[pri:0, instance:Module.LeadModule@57a3af25]" started-at="2024-01-24T13:53:08 IST" name="AS" finished-at="2024-01-24T13:53:08 IST" duration-ms="1" status="PASS">
          <reporter-output>
          </reporter-output>
        </test-method> <!-- AS -->
      </class> <!-- Module.LeadModule -->
    </test> <!-- Default test -->
  </suite> <!-- Default suite -->
</testng-results>
